<?xml version="1.0" encoding="UTF-8"?>
<testsuite name="com.none.other.DoubleStackEvaluateTest" tests="1" skipped="0" failures="0" errors="0" timestamp="2020-07-23T15:50:05" hostname="cheneys-iMac-Pro.local" time="0.023">
  <properties/>
  <testcase name="evaluate()" classname="com.none.other.DoubleStackEvaluateTest" time="0.023"/>
  <system-out><![CDATA[]]></system-out>
  <system-err><![CDATA[]]></system-err>
</testsuite>
