<?xml version="1.0" encoding="UTF-8"?>
<testsuite name="com.none.search.BinarySearchTest" tests="1" skipped="0" failures="0" errors="0" timestamp="2020-07-23T15:34:47" hostname="cheneys-iMac-Pro.local" time="0.019">
  <properties/>
  <testcase name="binarySearch()" classname="com.none.search.BinarySearchTest" time="0.019"/>
  <system-out><![CDATA[]]></system-out>
  <system-err><![CDATA[]]></system-err>
</testsuite>
